<?xml version="1.0" encoding="UTF-8"?>
<!-- Generated by org.testng.reporters.JUnitReportReporter -->
<testsuite ignored="0" hostname="Suresh" failures="0" tests="1" name="com.qmetry.qaf.automation.step.client.Scenario" time="6.901" errors="0" timestamp="06 Aug 2022 15:02:59 GMT" skipped="0">
  <testcase classname="com.qmetry.qaf.automation.step.client.Scenario" name="first one" time="6.901"/>
</testsuite> <!-- com.qmetry.qaf.automation.step.client.Scenario -->
