<?xml version="1.0" encoding="UTF-8"?>
<!-- Generated by org.testng.reporters.JUnitReportReporter -->
<testsuite ignored="0" hostname="Suresh" failures="0" tests="1" name="com.qmetry.qaf.automation.step.client.Scenario" time="5.640" errors="0" timestamp="25 Jun 2022 17:18:44 GMT" skipped="0">
  <testcase classname="com.qmetry.qaf.automation.step.client.Scenario" name="first one" time="5.640"/>
</testsuite> <!-- com.qmetry.qaf.automation.step.client.Scenario -->
